0 info it worked if it ends with ok
1 verbose cli [ 'D:\\program\\nodejs\\node.exe',
1 verbose cli   'D:\\program\\nodejs\\node_modules\\npm\\bin\\npm-cli.js',
1 verbose cli   'install',
1 verbose cli   '-g',
1 verbose cli   'node' ]
2 info using npm@3.10.9
3 info using node@v6.9.2
4 silly loadCurrentTree Starting
5 silly install loadCurrentTree
6 silly install readGlobalPackageData
7 silly fetchPackageMetaData node
8 silly fetchNamedPackageData node
9 silly mapToRegistry name node
10 silly mapToRegistry using default registry
11 silly mapToRegistry registry https://registry.npmjs.org/
12 silly mapToRegistry data Result {
12 silly mapToRegistry   raw: 'node',
12 silly mapToRegistry   scope: null,
12 silly mapToRegistry   escapedName: 'node',
12 silly mapToRegistry   name: 'node',
12 silly mapToRegistry   rawSpec: '',
12 silly mapToRegistry   spec: 'latest',
12 silly mapToRegistry   type: 'tag' }
13 silly mapToRegistry uri https://registry.npmjs.org/node
14 verbose request uri https://registry.npmjs.org/node
15 verbose request no auth needed
16 info attempt registry request try #1 at 10:41:11 PM
17 verbose request id 75dd48e5db6e9f01
18 verbose etag W/"1f8855253707abbd937e87f77ad537d0"
19 verbose lastModified Mon, 26 Nov 2018 05:53:37 GMT
20 http request GET https://registry.npmjs.org/node
21 http 304 https://registry.npmjs.org/node
22 verbose headers { date: 'Mon, 26 Nov 2018 15:41:02 GMT',
22 verbose headers   connection: 'keep-alive',
22 verbose headers   'set-cookie': [ '__cfduid=d7f905dfbfa28e02d937c18729438f9631543246862; expires=Tue, 26-Nov-19 15:41:02 GMT; path=/; domain=.registry.npmjs.org; HttpOnly' ],
22 verbose headers   'cf-cache-status': 'HIT',
22 verbose headers   'cache-control': 'max-age=300',
22 verbose headers   'cf-ray': '47fd74fabf96a35c-HKG',
22 verbose headers   etag: '"1f8855253707abbd937e87f77ad537d0"',
22 verbose headers   'expect-ct': 'max-age=604800, report-uri="https://report-uri.cloudflare.com/cdn-cgi/beacon/expect-ct"',
22 verbose headers   'last-modified': 'Mon, 26 Nov 2018 05:53:37 GMT',
22 verbose headers   vary: 'accept-encoding, accept',
22 verbose headers   'x-amz-meta-rev': '438-11a2e691008670d293fefa63c76e4c4e',
22 verbose headers   server: 'cloudflare' }
23 silly get cb [ 304,
23 silly get   { date: 'Mon, 26 Nov 2018 15:41:02 GMT',
23 silly get     connection: 'keep-alive',
23 silly get     'set-cookie': [ '__cfduid=d7f905dfbfa28e02d937c18729438f9631543246862; expires=Tue, 26-Nov-19 15:41:02 GMT; path=/; domain=.registry.npmjs.org; HttpOnly' ],
23 silly get     'cf-cache-status': 'HIT',
23 silly get     'cache-control': 'max-age=300',
23 silly get     'cf-ray': '47fd74fabf96a35c-HKG',
23 silly get     etag: '"1f8855253707abbd937e87f77ad537d0"',
23 silly get     'expect-ct': 'max-age=604800, report-uri="https://report-uri.cloudflare.com/cdn-cgi/beacon/expect-ct"',
23 silly get     'last-modified': 'Mon, 26 Nov 2018 05:53:37 GMT',
23 silly get     vary: 'accept-encoding, accept',
23 silly get     'x-amz-meta-rev': '438-11a2e691008670d293fefa63c76e4c4e',
23 silly get     server: 'cloudflare' } ]
24 verbose etag https://registry.npmjs.org/node from cache
25 verbose get saving node to C:\Users\wazi\AppData\Roaming\npm-cache\registry.npmjs.org\node\.cache.json
26 verbose correctMkdir C:\Users\wazi\AppData\Roaming\npm-cache correctMkdir not in flight; initializing
27 silly install normalizeTree
28 silly loadCurrentTree Finishing
29 silly loadIdealTree Starting
30 silly install loadIdealTree
31 silly cloneCurrentTree Starting
32 silly install cloneCurrentTreeToIdealTree
33 silly cloneCurrentTree Finishing
34 silly loadShrinkwrap Starting
35 silly install loadShrinkwrap
36 silly loadShrinkwrap Finishing
37 silly loadAllDepsIntoIdealTree Starting
38 silly install loadAllDepsIntoIdealTree
39 silly resolveWithNewModule node@11.2.0 checking installable status
40 silly cache add args [ 'node', null ]
41 verbose cache add spec node
42 silly cache add parsed spec Result {
42 silly cache add   raw: 'node',
42 silly cache add   scope: null,
42 silly cache add   escapedName: 'node',
42 silly cache add   name: 'node',
42 silly cache add   rawSpec: '',
42 silly cache add   spec: 'latest',
42 silly cache add   type: 'tag' }
43 silly addNamed node@latest
44 verbose addNamed "latest" is being treated as a dist-tag for node
45 info addNameTag [ 'node', 'latest' ]
46 silly mapToRegistry name node
47 silly mapToRegistry using default registry
48 silly mapToRegistry registry https://registry.npmjs.org/
49 silly mapToRegistry data Result {
49 silly mapToRegistry   raw: 'node',
49 silly mapToRegistry   scope: null,
49 silly mapToRegistry   escapedName: 'node',
49 silly mapToRegistry   name: 'node',
49 silly mapToRegistry   rawSpec: '',
49 silly mapToRegistry   spec: 'latest',
49 silly mapToRegistry   type: 'tag' }
50 silly mapToRegistry uri https://registry.npmjs.org/node
51 verbose addNameTag registry:https://registry.npmjs.org/node not in flight; fetching
52 verbose get https://registry.npmjs.org/node not expired, no request
53 silly addNameTag next cb for node with tag latest
54 silly addNamed node@11.2.0
55 verbose addNamed "11.2.0" is a plain semver version for node
56 silly cache afterAdd node@11.2.0
57 verbose afterAdd C:\Users\wazi\AppData\Roaming\npm-cache\node\11.2.0\package\package.json not in flight; writing
58 verbose correctMkdir C:\Users\wazi\AppData\Roaming\npm-cache correctMkdir not in flight; initializing
59 verbose afterAdd C:\Users\wazi\AppData\Roaming\npm-cache\node\11.2.0\package\package.json written
60 silly fetchNamedPackageData node-bin-setup
61 silly mapToRegistry name node-bin-setup
62 silly mapToRegistry using default registry
63 silly mapToRegistry registry https://registry.npmjs.org/
64 silly mapToRegistry data Result {
64 silly mapToRegistry   raw: 'node-bin-setup',
64 silly mapToRegistry   scope: null,
64 silly mapToRegistry   escapedName: 'node-bin-setup',
64 silly mapToRegistry   name: 'node-bin-setup',
64 silly mapToRegistry   rawSpec: '',
64 silly mapToRegistry   spec: 'latest',
64 silly mapToRegistry   type: 'tag' }
65 silly mapToRegistry uri https://registry.npmjs.org/node-bin-setup
66 verbose request uri https://registry.npmjs.org/node-bin-setup
67 verbose request no auth needed
68 info attempt registry request try #1 at 10:41:11 PM
69 http request GET https://registry.npmjs.org/node-bin-setup
70 http 200 https://registry.npmjs.org/node-bin-setup
71 verbose headers { date: 'Mon, 26 Nov 2018 15:41:02 GMT',
71 verbose headers   'content-type': 'application/json; charset=UTF-8',
71 verbose headers   'transfer-encoding': 'chunked',
71 verbose headers   connection: 'keep-alive',
71 verbose headers   'set-cookie': [ '__cfduid=d7f905dfbfa28e02d937c18729438f9631543246862; expires=Tue, 26-Nov-19 15:41:02 GMT; path=/; domain=.registry.npmjs.org; HttpOnly' ],
71 verbose headers   'cf-cache-status': 'HIT',
71 verbose headers   'cache-control': 'max-age=300',
71 verbose headers   'cf-ray': '47fd74fce96ca35c-HKG',
71 verbose headers   etag: 'W/"696d6ec470fda56a33885508a280edab"',
71 verbose headers   'expect-ct': 'max-age=604800, report-uri="https://report-uri.cloudflare.com/cdn-cgi/beacon/expect-ct"',
71 verbose headers   'last-modified': 'Sun, 27 May 2018 09:55:03 GMT',
71 verbose headers   vary: 'accept-encoding, accept',
71 verbose headers   server: 'cloudflare',
71 verbose headers   'content-encoding': 'gzip' }
72 silly get cb [ 200,
72 silly get   { date: 'Mon, 26 Nov 2018 15:41:02 GMT',
72 silly get     'content-type': 'application/json; charset=UTF-8',
72 silly get     'transfer-encoding': 'chunked',
72 silly get     connection: 'keep-alive',
72 silly get     'set-cookie': [ '__cfduid=d7f905dfbfa28e02d937c18729438f9631543246862; expires=Tue, 26-Nov-19 15:41:02 GMT; path=/; domain=.registry.npmjs.org; HttpOnly' ],
72 silly get     'cf-cache-status': 'HIT',
72 silly get     'cache-control': 'max-age=300',
72 silly get     'cf-ray': '47fd74fce96ca35c-HKG',
72 silly get     etag: 'W/"696d6ec470fda56a33885508a280edab"',
72 silly get     'expect-ct': 'max-age=604800, report-uri="https://report-uri.cloudflare.com/cdn-cgi/beacon/expect-ct"',
72 silly get     'last-modified': 'Sun, 27 May 2018 09:55:03 GMT',
72 silly get     vary: 'accept-encoding, accept',
72 silly get     server: 'cloudflare',
72 silly get     'content-encoding': 'gzip' } ]
73 verbose get saving node-bin-setup to C:\Users\wazi\AppData\Roaming\npm-cache\registry.npmjs.org\node-bin-setup\.cache.json
74 verbose correctMkdir C:\Users\wazi\AppData\Roaming\npm-cache correctMkdir not in flight; initializing
75 silly resolveWithNewModule node-bin-setup@1.0.6 checking installable status
76 silly cache add args [ 'node-bin-setup@^1.0.0', null ]
77 verbose cache add spec node-bin-setup@^1.0.0
78 silly cache add parsed spec Result {
78 silly cache add   raw: 'node-bin-setup@^1.0.0',
78 silly cache add   scope: null,
78 silly cache add   escapedName: 'node-bin-setup',
78 silly cache add   name: 'node-bin-setup',
78 silly cache add   rawSpec: '^1.0.0',
78 silly cache add   spec: '>=1.0.0 <2.0.0',
78 silly cache add   type: 'range' }
79 silly addNamed node-bin-setup@>=1.0.0 <2.0.0
80 verbose addNamed ">=1.0.0 <2.0.0" is a valid semver range for node-bin-setup
81 silly addNameRange { name: 'node-bin-setup',
81 silly addNameRange   range: '>=1.0.0 <2.0.0',
81 silly addNameRange   hasData: false }
82 silly mapToRegistry name node-bin-setup
83 silly mapToRegistry using default registry
84 silly mapToRegistry registry https://registry.npmjs.org/
85 silly mapToRegistry data Result {
85 silly mapToRegistry   raw: 'node-bin-setup',
85 silly mapToRegistry   scope: null,
85 silly mapToRegistry   escapedName: 'node-bin-setup',
85 silly mapToRegistry   name: 'node-bin-setup',
85 silly mapToRegistry   rawSpec: '',
85 silly mapToRegistry   spec: 'latest',
85 silly mapToRegistry   type: 'tag' }
86 silly mapToRegistry uri https://registry.npmjs.org/node-bin-setup
87 verbose addNameRange registry:https://registry.npmjs.org/node-bin-setup not in flight; fetching
88 verbose get https://registry.npmjs.org/node-bin-setup not expired, no request
89 silly addNameRange number 2 { name: 'node-bin-setup',
89 silly addNameRange   range: '>=1.0.0 <2.0.0',
89 silly addNameRange   hasData: true }
90 silly addNameRange versions [ 'node-bin-setup',
90 silly addNameRange   [ '1.0.0', '1.0.1', '1.0.2', '1.0.3', '1.0.4', '1.0.6' ] ]
91 silly addNamed node-bin-setup@1.0.6
92 verbose addNamed "1.0.6" is a plain semver version for node-bin-setup
93 silly mapToRegistry name node-bin-setup
94 silly mapToRegistry using default registry
95 silly mapToRegistry registry https://registry.npmjs.org/
96 silly mapToRegistry data Result {
96 silly mapToRegistry   raw: 'node-bin-setup',
96 silly mapToRegistry   scope: null,
96 silly mapToRegistry   escapedName: 'node-bin-setup',
96 silly mapToRegistry   name: 'node-bin-setup',
96 silly mapToRegistry   rawSpec: '',
96 silly mapToRegistry   spec: 'latest',
96 silly mapToRegistry   type: 'tag' }
97 silly mapToRegistry uri https://registry.npmjs.org/node-bin-setup
98 verbose addRemoteTarball https://registry.npmjs.org/node-bin-setup/-/node-bin-setup-1.0.6.tgz not in flight; adding
99 verbose addRemoteTarball [ 'https://registry.npmjs.org/node-bin-setup/-/node-bin-setup-1.0.6.tgz',
99 verbose addRemoteTarball   '4b5c9bb937ece702d7069b36ca78af4684677528' ]
100 info retry fetch attempt 1 at 10:41:12 PM
101 info attempt registry request try #1 at 10:41:12 PM
102 http fetch GET https://registry.npmjs.org/node-bin-setup/-/node-bin-setup-1.0.6.tgz
103 http fetch 200 https://registry.npmjs.org/node-bin-setup/-/node-bin-setup-1.0.6.tgz
104 silly fetchAndShaCheck shasum 4b5c9bb937ece702d7069b36ca78af4684677528
105 verbose addTmpTarball C:\Users\wazi\AppData\Local\Temp\npm-9736-43633055\registry.npmjs.org\node-bin-setup\-\node-bin-setup-1.0.6.tgz not in flight; adding
106 verbose addTmpTarball already have metadata; skipping unpack for node-bin-setup@1.0.6
107 verbose correctMkdir C:\Users\wazi\AppData\Roaming\npm-cache correctMkdir not in flight; initializing
108 silly cache afterAdd node-bin-setup@1.0.6
109 verbose afterAdd C:\Users\wazi\AppData\Roaming\npm-cache\node-bin-setup\1.0.6\package\package.json not in flight; writing
110 verbose correctMkdir C:\Users\wazi\AppData\Roaming\npm-cache correctMkdir not in flight; initializing
111 verbose afterAdd C:\Users\wazi\AppData\Roaming\npm-cache\node-bin-setup\1.0.6\package\package.json written
112 silly loadAllDepsIntoIdealTree Finishing
113 silly loadIdealTree Finishing
114 silly currentTree npm
115 silly idealTree npm
115 silly idealTree `-- node@11.2.0
115 silly idealTree   `-- node-bin-setup@1.0.6
116 silly generateActionsToTake Starting
117 silly install generateActionsToTake
118 silly generateActionsToTake Finishing
119 silly diffTrees action count 2
120 silly diffTrees add node-bin-setup@1.0.6
121 silly diffTrees add node@11.2.0
122 silly decomposeActions action count 16
123 silly decomposeActions fetch node-bin-setup@1.0.6
124 silly decomposeActions extract node-bin-setup@1.0.6
125 silly decomposeActions test node-bin-setup@1.0.6
126 silly decomposeActions preinstall node-bin-setup@1.0.6
127 silly decomposeActions build node-bin-setup@1.0.6
128 silly decomposeActions install node-bin-setup@1.0.6
129 silly decomposeActions postinstall node-bin-setup@1.0.6
130 silly decomposeActions finalize node-bin-setup@1.0.6
131 silly decomposeActions fetch node@11.2.0
132 silly decomposeActions extract node@11.2.0
133 silly decomposeActions test node@11.2.0
134 silly decomposeActions preinstall node@11.2.0
135 silly decomposeActions build node@11.2.0
136 silly decomposeActions install node@11.2.0
137 silly decomposeActions postinstall node@11.2.0
138 silly decomposeActions finalize node@11.2.0
139 silly runTopLevelLifecycles Starting
140 silly executeActions Starting
141 silly install executeActions
142 silly doSerial global-install 0
143 silly doParallel fetch 2
144 verbose correctMkdir C:\Users\wazi\AppData\Roaming\npm-cache\_locks correctMkdir not in flight; initializing
145 verbose lock using C:\Users\wazi\AppData\Roaming\npm-cache\_locks\staging-00d447eef38e8e96.lock for C:\Users\wazi\AppData\Roaming\npm\node_modules\.staging
146 silly doParallel extract 2
147 silly extract node-bin-setup@1.0.6
148 silly extract node@11.2.0
149 verbose unbuild node_modules\.staging\node-bin-setup-2021da0a
150 verbose unbuild node_modules\.staging\node-026b122c
151 silly gentlyRm C:\Users\wazi\AppData\Roaming\npm\node_modules\.staging\node-bin-setup-2021da0a is being purged from base C:\Users\wazi\AppData\Roaming\npm
152 verbose gentlyRm don't care about contents; nuking C:\Users\wazi\AppData\Roaming\npm\node_modules\.staging\node-bin-setup-2021da0a
153 verbose tar unpack C:\Users\wazi\AppData\Roaming\npm-cache\node-bin-setup\1.0.6\package.tgz
154 verbose tar unpacking to C:\Users\wazi\AppData\Roaming\npm\node_modules\.staging\node-bin-setup-2021da0a
155 silly gentlyRm C:\Users\wazi\AppData\Roaming\npm\node_modules\.staging\node-bin-setup-2021da0a is being purged
156 verbose gentlyRm don't care about contents; nuking C:\Users\wazi\AppData\Roaming\npm\node_modules\.staging\node-bin-setup-2021da0a
157 silly gentlyRm C:\Users\wazi\AppData\Roaming\npm\node_modules\.staging\node-026b122c is being purged from base C:\Users\wazi\AppData\Roaming\npm
158 verbose gentlyRm don't care about contents; nuking C:\Users\wazi\AppData\Roaming\npm\node_modules\.staging\node-026b122c
159 silly gunzTarPerm modes [ '777', '666' ]
160 verbose tar unpack C:\Users\wazi\AppData\Roaming\npm-cache\node\11.2.0\package.tgz
161 verbose tar unpacking to C:\Users\wazi\AppData\Roaming\npm\node_modules\.staging\node-026b122c
162 silly gentlyRm C:\Users\wazi\AppData\Roaming\npm\node_modules\.staging\node-026b122c is being purged
163 verbose gentlyRm don't care about contents; nuking C:\Users\wazi\AppData\Roaming\npm\node_modules\.staging\node-026b122c
164 silly gunzTarPerm modes [ '777', '666' ]
165 silly gunzTarPerm extractEntry package.json
166 silly gunzTarPerm modified mode [ 'package.json', 420, 438 ]
167 silly gunzTarPerm extractEntry package.json
168 silly gunzTarPerm modified mode [ 'package.json', 420, 438 ]
169 silly gunzTarPerm extractEntry index.js
170 silly gunzTarPerm modified mode [ 'index.js', 420, 438 ]
171 silly gunzTarPerm extractEntry installArchSpecificPackage.js
172 silly gunzTarPerm modified mode [ 'installArchSpecificPackage.js', 420, 438 ]
173 silly gunzTarPerm extractEntry README.md
174 silly gunzTarPerm modified mode [ 'README.md', 420, 438 ]
175 silly gentlyRm C:\Users\wazi\AppData\Roaming\npm\node_modules\.staging\node-bin-setup-2021da0a\node_modules is being purged
176 verbose gentlyRm don't care about contents; nuking C:\Users\wazi\AppData\Roaming\npm\node_modules\.staging\node-bin-setup-2021da0a\node_modules
177 silly gentlyRm C:\Users\wazi\AppData\Roaming\npm\node_modules\.staging\node-026b122c\node_modules is being purged
178 verbose gentlyRm don't care about contents; nuking C:\Users\wazi\AppData\Roaming\npm\node_modules\.staging\node-026b122c\node_modules
179 silly doParallel preinstall 2
180 silly preinstall node-bin-setup@1.0.6 C:\Users\wazi\AppData\Roaming\npm\node_modules\.staging\node-bin-setup-2021da0a
181 info lifecycle node-bin-setup@1.0.6~preinstall: node-bin-setup@1.0.6
182 silly preinstall node@11.2.0 C:\Users\wazi\AppData\Roaming\npm\node_modules\.staging\node-026b122c
183 info lifecycle node@11.2.0~preinstall: node@11.2.0
184 silly lifecycle node-bin-setup@1.0.6~preinstall: no script for preinstall, continuing
185 verbose lifecycle node@11.2.0~preinstall: unsafe-perm in lifecycle true
186 verbose lifecycle node@11.2.0~preinstall: PATH: D:\program\nodejs\node_modules\npm\bin\node-gyp-bin;C:\Users\wazi\AppData\Roaming\npm\node_modules\.staging\node-026b122c\node_modules\.bin;C:\Users\wazi\AppData\Roaming\npm\node_modules\.bin;C:\Users\wazi\bin;D:\program\cmd\vendor\msysgit\mingw64\bin;D:\program\cmd\vendor\msysgit\usr\local\bin;D:\program\cmd\vendor\msysgit\usr\bin;D:\program\cmd\vendor\msysgit\usr\bin;D:\program\cmd\vendor\msysgit\cmd;D:\program\cmd\vendor\conemu-maximus5\ConEmu\Scripts;D:\program\cmd\vendor\conemu-maximus5;D:\program\cmd\vendor\conemu-maximus5\ConEmu;C:\Program Files (x86)\Common Files\Oracle\Java\javapath;C:\ProgramData\Oracle\Java\javapath;C:\engapps\halyard;D:\program\oracle\product\11.2.0\dbhome_1\bin;C:\WINDOWS\system32;C:\WINDOWS;C:\WINDOWS\System32\Wbem;C:\WINDOWS\System32\WindowsPowerShell\v1.0;D:\program\go\bin;D:\program\jdk\jre\bin;D:\program\vagrant\bin;C:\Program Files\Perforce;C:\Program Files\OpenSSH;D:\program\cmd\vendor\msysgit\cmd;C:\Program Files (x86)\AMD\ATI.ACE\Core-Static;C:\WINDOWS\System32\OpenSSH;C:\Users\wazi\AppData\Local\Microsoft\WindowsApps;C:\Program Files\Microsoft VS Code\bin;D:\program\cmd\vendor\msysgit\usr\bin\vendor_perl;D:\program\cmd\vendor\msysgit\usr\bin\core_perl;D:\program\go\bin;D:\program\python;D:\program\python3;D:\program\jdk\bin;D:\program\scala\bin;D:\program\sbt\bin;D:\program\ruby\bin;D:\program\spark\bin;D:\program\activator;D:\program\maven\bin;D:\program\python\Scripts;D:\program\python3\Scripts;D:\program\nodejs;C:\Users\wazi\AppData\Roaming\npm;D:\program;D:\program\flyway;D:\program\vagrant\bin;D:\program\docker\bin
187 verbose lifecycle node@11.2.0~preinstall: CWD: C:\Users\wazi\AppData\Roaming\npm\node_modules\.staging\node-026b122c
188 silly lifecycle node@11.2.0~preinstall: Args: [ '/d /s /c', 'node installArchSpecificPackage' ]
189 silly lifecycle node@11.2.0~preinstall: Returned: code: 1  signal: null
190 info lifecycle node@11.2.0~preinstall: Failed to exec preinstall script
191 verbose unlock done using C:\Users\wazi\AppData\Roaming\npm-cache\_locks\staging-00d447eef38e8e96.lock for C:\Users\wazi\AppData\Roaming\npm\node_modules\.staging
192 silly rollbackFailedOptional Starting
193 silly rollbackFailedOptional Finishing
194 silly runTopLevelLifecycles Finishing
195 silly install printInstalled
196 verbose stack Error: node@11.2.0 preinstall: `node installArchSpecificPackage`
196 verbose stack Exit status 1
196 verbose stack     at EventEmitter.<anonymous> (D:\program\nodejs\node_modules\npm\lib\utils\lifecycle.js:255:16)
196 verbose stack     at emitTwo (events.js:106:13)
196 verbose stack     at EventEmitter.emit (events.js:191:7)
196 verbose stack     at ChildProcess.<anonymous> (D:\program\nodejs\node_modules\npm\lib\utils\spawn.js:40:14)
196 verbose stack     at emitTwo (events.js:106:13)
196 verbose stack     at ChildProcess.emit (events.js:191:7)
196 verbose stack     at maybeClose (internal/child_process.js:877:16)
196 verbose stack     at Process.ChildProcess._handle.onexit (internal/child_process.js:226:5)
197 verbose pkgid node@11.2.0
198 verbose cwd D:\workspace\io\manhnt217.github.io
199 error Windows_NT 10.0.17134
200 error argv "D:\\program\\nodejs\\node.exe" "D:\\program\\nodejs\\node_modules\\npm\\bin\\npm-cli.js" "install" "-g" "node"
201 error node v6.9.2
202 error npm  v3.10.9
203 error code ELIFECYCLE
204 error node@11.2.0 preinstall: `node installArchSpecificPackage`
204 error Exit status 1
205 error Failed at the node@11.2.0 preinstall script 'node installArchSpecificPackage'.
205 error Make sure you have the latest version of node.js and npm installed.
205 error If you do, this is most likely a problem with the node package,
205 error not with npm itself.
205 error Tell the author that this fails on your system:
205 error     node installArchSpecificPackage
205 error You can get information on how to open an issue for this project with:
205 error     npm bugs node
205 error Or if that isn't available, you can get their info via:
205 error     npm owner ls node
205 error There is likely additional logging output above.
206 verbose exit [ 1, true ]
